<?xml version="1.0" encoding="UTF-8"?>
<!-- Generated by org.testng.reporters.JUnitReportReporter -->
<testsuite hostname="Mypc" name="grid.GridEg" tests="2" failures="0" timestamp="26 May 2019 06:48:57 GMT" time="124.446" errors="0">
  <testcase name="grid" time="48.100" classname="grid.GridEg"/>
  <testcase name="grid" time="76.346" classname="grid.GridEg"/>
</testsuite> <!-- grid.GridEg -->
