<?xml version="1.0" encoding="UTF-8"?>
<!-- Generated by org.testng.reporters.JUnitReportReporter -->
<testsuite hostname="Mypc" name="testNG.EmpReg_TestNG" tests="4" failures="0" timestamp="19 May 2019 07:12:20 GMT" time="51.381" errors="0">
  <testcase name="Org_EmpReg" time="12.525" classname="testNG.EmpReg_TestNG"/>
  <testcase name="Org_EmpReg" time="11.817" classname="testNG.EmpReg_TestNG"/>
  <testcase name="Org_EmpReg" time="12.420" classname="testNG.EmpReg_TestNG"/>
  <testcase name="Org_EmpReg" time="14.619" classname="testNG.EmpReg_TestNG"/>
</testsuite> <!-- testNG.EmpReg_TestNG -->
