<?xml version="1.0" encoding="UTF-8"?>
<!-- Generated by org.testng.reporters.JUnitReportReporter -->
<testsuite hostname="Mypc" name="pom.Login_POM" tests="1" failures="0" timestamp="25 May 2019 06:52:27 GMT" time="80.117" errors="0">
  <testcase name="login" time="80.117" classname="pom.Login_POM"/>
</testsuite> <!-- pom.Login_POM -->
