<?xml version="1.0" encoding="UTF-8"?>
<!-- Generated by org.testng.reporters.JUnitReportReporter -->
<testsuite hostname="Mypc" name="testNG.BasicAnnotationsEg" tests="3" failures="0" timestamp="19 May 2019 06:14:27 GMT" time="0.181" errors="0">
  <testcase name="function2" time="0.020" classname="testNG.BasicAnnotationsEg"/>
  <testcase name="function1" time="0.140" classname="testNG.BasicAnnotationsEg"/>
  <testcase name="a" time="0.021" classname="testNG.BasicAnnotationsEg"/>
</testsuite> <!-- testNG.BasicAnnotationsEg -->
