<?xml version="1.0" encoding="UTF-8"?>
<!-- Generated by org.testng.reporters.JUnitReportReporter -->
<testsuite hostname="Mypc" name="testNG.UserReg_TestNG" tests="1" failures="0" timestamp="19 May 2019 07:01:04 GMT" time="25.976" errors="0">
  <testcase name="Org_UserReg" time="25.976" classname="testNG.UserReg_TestNG"/>
</testsuite> <!-- testNG.UserReg_TestNG -->
